spec/api/allocation_api_spec.rb:45.90274300001329
spec/config/initializers/inflections_spec.rb:0.7028180000488646
spec/controllers/overrides_controller_spec.rb:0.5756629999959841
spec/controllers/prisons_controller_spec.rb:0.6300150000024587
spec/controllers/sessions_controller_spec.rb:1.1792370000039227
spec/features/coworking_feature_spec.rb:68.76063199999044
spec/features/when_nomis_is_missing_information_spec.rb:6.621814000012819
spec/forms/remove_responsibility_form_spec.rb:0.7853940000059083
spec/helpers/badge_helper_spec.rb:1.9993939999840222
spec/helpers/early_allocation_helper_spec.rb:2.7802219999721274
spec/lib/delius/emails_spec.rb:3.980148000002373
spec/lib/delius/processor_spec.rb:0.2530280000064522
spec/lib/onboard_prison_spec.rb:1.0645059999660589
spec/requests/status_spec.rb:0.47347299999091774
spec/services/hmpps_api/api_deserialiser_spec.rb:0.41124099999433383
spec/features/allocate_feature_spec.rb:140.18026300001657
spec/controllers/caseload_controller_spec.rb:47.12925100000575
spec/controllers/early_allocations_controller_spec.rb:13.614832999999635
spec/controllers/poms_controller_spec.rb:4.8824640000239015
spec/controllers/responsibilities_controller_spec.rb:1.0791960000060499
spec/controllers/summary_controller_spec.rb:12.661158999952022
spec/features/delius_process_data_feature_spec.rb:10.563078000035603
spec/features/show_poms_feature_spec.rb:31.57920599996578
spec/helpers/debugging_helper_spec.rb:0.7508600000292063
spec/helpers/sort_helper_spec.rb:1.0015199999907054
spec/helpers/summary_helper_spec.rb:3.161911000031978
spec/lib/delius/sheet_spec.rb:0.43435600004158914
spec/models/sentence_type_spec.rb:2.3410559999756515
spec/services/case_information_service_spec.rb:2.1231339999940246
spec/services/hmpps_api/community_api_spec.rb:3.291347999998834
spec/services/hmpps_api/oauth/client_spec.rb:0.15686599997570738
spec/services/hmpps_api/prison_api/prison_offender_manager_api_spec.rb:1.66327600000659
spec/services/hmpps_api/prison_api/user_api_spec.rb:0.3274510000483133
spec/services/search_service_spec.rb:4.463695999991614
spec/services/zendesk/moic_client_spec.rb:0.5492180000292137
spec/controllers/allocations_controller_spec.rb:51.3660909999744
spec/features/allocation_history_spec.rb:1.5858130000415258
spec/features/allocation_information_spec.rb:17.29832699999679
spec/features/inactive_pom_feature_spec.rb:7.322465000033844
spec/features/prisoner_info_spec.rb:7.006893999991007
spec/features/responsibility_override_feature_spec.rb:45.77545600000303
spec/helpers/search_helper_spec.rb:1.4666480000014417
spec/jobs/movements_on_date_job_spec.rb:0.9687879999983124
spec/jobs/open_prison_transfer_job_spec.rb:1.4309159999829717
spec/lib/ldu_email_importer_spec.rb:0.7386120000155643
spec/models/case_information_spec.rb:5.899138999986462
spec/models/contact_submission_spec.rb:0.7227190000121482
spec/models/early_allocation_spec.rb:2.21600200003013
spec/models/hmpps_api/offender_spec.rb:1.0254909999785013
spec/models/local_divisional_unit_spec.rb:2.371889000001829
spec/models/pom_detail_spec.rb:0.5663460000068881
spec/models/responsibility_spec.rb:1.0300960000022314
spec/models/team_spec.rb:3.7194730000337586
spec/views/allocations/allocation_history.html.erb_spec.rb:0.2339349999674596
spec/controllers/api/api_controller_spec.rb:47.68438900000183
spec/controllers/tasks_controller_spec.rb:3.421486000006553
spec/features/change_parole_review_date_spec.rb:14.018944999959785
spec/features/debugging_feature_spec.rb:6.372857000038493
spec/features/help_feature_spec.rb:6.335084999969695
spec/features/pom_caseload_feature_spec.rb:18.566294000018388
spec/helpers/application_helper_spec.rb:0.7801839999738149
spec/helpers/offender_helper_spec.rb:1.0481789999757893
spec/helpers/override_helper_spec.rb:1.2119650000240654
spec/jobs/delius_import_job_spec.rb:23.835558000020683
spec/lib/delius/manual_extractor_spec.rb:0.3017310000141151
spec/lib/delius/string_collector_spec.rb:0.2411530000390485
spec/lib/hmpps_sso_spec.rb:0.404460999998264
spec/models/delius_data_spec.rb:2.6421919999993406
spec/services/allocation_service_spec.rb:16.515313000010792
spec/services/hmpps_api/keyworker_api_spec.rb:0.6318570000003092
spec/services/hmpps_api/oauth/api_spec.rb:0.4941359999938868
spec/services/prison_offender_manager_service_spec.rb:8.050715999968816
spec/services/update_shadow_team_association_service_spec.rb:1.451803000003565
spec/services/update_team_name_and_ldu_service_spec.rb:1.1354580000042915
spec/services/zendesk/moic_api_spec.rb:0.4255869999760762
spec/controllers/coworking_controller_spec.rb:45.26955900003668
spec/features/admin_feature_spec.rb:7.991419999976642
spec/features/allocations_summary_feature_spec.rb:21.725245999987237
spec/features/early_allocation_feature_spec.rb:17.57495400001062
spec/features/errors_feature_spec.rb:0.4548940000240691
spec/features/feedback_feature_spec.rb:0.228363000031095
spec/helpers/prison_helper_spec.rb:0.10650900000473484
spec/jobs/process_delius_data_job_spec.rb:7.448036999965552
spec/models/allocated_offender_spec.rb:0.9906269999919459
spec/models/allocation_spec.rb:16.544877999986056
spec/models/delius_import_error_spec.rb:2.518726999987848
spec/models/hmpps_api/offender_summary_spec.rb:10.189596999960486
spec/models/override_spec.rb:5.242610000015702
spec/models/prison_allocations_spec.rb:1.3360450000036508
spec/models/staff_member_spec.rb:0.7463589999824762
spec/presenters/offender_presenter_spec.rb:2.181434000027366
spec/services/metrics_service_spec.rb:0.5457609999575652
spec/services/movement_service_spec.rb:6.35022200003732
spec/services/responsibility_service_spec.rb:10.383132999995723
spec/services/service_notifications_service_spec.rb:0.7710690000094473
spec/services/view_handover_email_addresses_summary_spec.rb:1.284938000026159
spec/controllers/debugging_controller_spec.rb:41.826577999978326
spec/features/case_information_feature_spec.rb:44.81646300002467
spec/features/edit_a_pom_spec.rb:14.364095999975689
spec/features/prison_switching_feature_spec.rb:8.407726000004914
spec/features/spo_handover_cases_feature_spec.rb:18.05315499997232
spec/helpers/ga_helper_spec.rb:0.9699900000123307
spec/helpers/history_helper_spec.rb:0.5445159999653697
spec/jobs/zendesk_tickets_job_spec.rb:0.588220999983605
spec/mailers/pom_mailer_spec.rb:5.549950000015087
spec/models/hmpps_api/sentence_detail_spec.rb:3.873747000005096
spec/models/signon_identity_spec.rb:0.5075189999770373
spec/requests/health_spec.rb:0.8543949999730103
spec/requests/pages_spec.rb:0.6243230000254698
spec/routing/coworking_routes_spec.rb:0.3868009999860078
spec/services/hmpps_api/client_spec.rb:5.569673000019975
spec/services/hmpps_api/prison_api/movement_api_spec.rb:0.5283349999808706
spec/services/offender_service_spec.rb:7.411244000017177
spec/services/recommendation_service_spec.rb:0.36934900004416704
spec/views/shared/case_type_badge.html.erb_spec.rb:1.4622030000318773
spec/controllers/dashboard_controller_spec.rb:41.64438199996948
spec/controllers/search_controller_spec.rb:4.298476000025403
spec/features/contact_us_feature_spec.rb:60.869561000028625
spec/features/delius_import_job_feature_spec.rb:21.496214999991935
spec/features/search_feature_spec.rb:20.152526999998372
spec/features/service_notification_feature_spec.rb:1.7663910000119358
spec/helpers/early_assignment_pdf_helper_spec.rb:0.9659420000389218
spec/helpers/pom_helper_spec.rb:0.23095900000771508
spec/jobs/custom_stats_logging_job_job_spec.rb:0.1551999999792315
spec/models/prison_spec.rb:4.359401999972761
spec/requests/robots_tag_spec.rb:0.1770189999951981
spec/services/bucket_spec.rb:1.449311000003945
spec/services/delius_data_service_spec.rb:0.28105299995513633
spec/services/email_service_spec.rb:11.7646539999987
spec/services/handover_date_service_spec.rb:3.984013999986928
spec/services/hmpps_api/oauth/token_service_spec.rb:0.4113409999990836
spec/services/hmpps_api/oauth/token_spec.rb:1.4645739999832585
spec/services/hmpps_api/prison_api/offender_api_spec.rb:2.977338000026066
spec/services/prison_service_spec.rb:0.569221000012476
spec/views/debugging/debugging.html.erb_spec.rb:0.39929400000255555
